Using pre-set license
Built from '2020.3/release' branch; Version is '2020.3.31f1 (6b54b7616050) revision 7034039'; Using compiler version '192528614'; Build Type 'Release'
OS: 'Windows 10  (10.0.19044) 64bit Core' Language: 'it' Physical Memory: 8083 MB
BatchMode: 1, IsHumanControllingUs: 0, StartBugReporterOnCrash: 0, Is64bit: 1, IsPro: 0

COMMAND LINE ARGUMENTS:
C:\Program Files\Unity\Hub\Editor\2020.3.31f1\Editor\Unity.exe
-adb2
-batchMode
-noUpm
-name
AssetImportWorker1
-projectPath
C:/Users/lucac/Desktop/Progetti Unity/Prototype-2
-logFile
Logs/AssetImportWorker1.log
-srvPort
1345
Successfully changed project path to: C:/Users/lucac/Desktop/Progetti Unity/Prototype-2
C:/Users/lucac/Desktop/Progetti Unity/Prototype-2
Using Asset Import Pipeline V2.
Refreshing native plugins compatible for Editor in 92.24 ms, found 2 plugins.
Preloading 0 native plugins for Editor in 0.00 ms.
Initialize engine version: 2020.3.31f1 (6b54b7616050)
[Subsystems] Discovering subsystems at path C:/Program Files/Unity/Hub/Editor/2020.3.31f1/Editor/Data/Resources/UnitySubsystems
[Subsystems] Discovering subsystems at path C:/Users/lucac/Desktop/Progetti Unity/Prototype-2/Assets
GfxDevice: creating device client; threaded=0
Direct3D:
    Version:  Direct3D 11.0 [level 11.0]
    Renderer: AMD Radeon HD 7600M Series (ID=0x6840)
    Vendor:   
    VRAM:     1004 MB
    Driver:   15.201.1151.1008
Initialize mono
Mono path[0] = 'C:/Program Files/Unity/Hub/Editor/2020.3.31f1/Editor/Data/Managed'
Mono path[1] = 'C:/Program Files/Unity/Hub/Editor/2020.3.31f1/Editor/Data/MonoBleedingEdge/lib/mono/unityjit'
Mono config path = 'C:/Program Files/Unity/Hub/Editor/2020.3.31f1/Editor/Data/MonoBleedingEdge/etc'
Using monoOptions --debugger-agent=transport=dt_socket,embedding=1,server=y,suspend=n,address=127.0.0.1:56664
Begin MonoManager ReloadAssembly
Registering precompiled unity dll's ...
Register platform support module: C:/Program Files/Unity/Hub/Editor/2020.3.31f1/Editor/Data/PlaybackEngines/WebGLSupport/UnityEditor.WebGL.Extensions.dll
Register platform support module: C:/Program Files/Unity/Hub/Editor/2020.3.31f1/Editor/Data/PlaybackEngines/WindowsStandaloneSupport/UnityEditor.WindowsStandalone.Extensions.dll
Registered in 0.007463 seconds.
Native extension for WindowsStandalone target not found
Native extension for WebGL target not found
Refreshing native plugins compatible for Editor in 97.85 ms, found 2 plugins.
Preloading 0 native plugins for Editor in 0.00 ms.
Mono: successfully reloaded assembly
- Completed reload, in  1.594 seconds
Domain Reload Profiling:
	ReloadAssembly (1594ms)
		BeginReloadAssembly (193ms)
			ExecutionOrderSort (0ms)
			DisableScriptedObjects (0ms)
			BackupInstance (0ms)
			ReleaseScriptingObjects (0ms)
			CreateAndSetChildDomain (1ms)
		EndReloadAssembly (1214ms)
			LoadAssemblies (189ms)
			RebuildTransferFunctionScriptingTraits (0ms)
			SetupTypeCache (416ms)
			ReleaseScriptCaches (0ms)
			RebuildScriptCaches (79ms)
			SetupLoadedEditorAssemblies (443ms)
				LogAssemblyErrors (0ms)
				InitializePlatformSupportModulesInManaged (14ms)
				SetLoadedEditorAssemblies (1ms)
				RefreshPlugins (98ms)
				BeforeProcessingInitializeOnLoad (23ms)
				ProcessInitializeOnLoadAttributes (227ms)
				ProcessInitializeOnLoadMethodAttributes (79ms)
				AfterProcessingInitializeOnLoad (0ms)
				EditorAssembliesLoaded (1ms)
			ExecutionOrderSort2 (0ms)
			AwakeInstancesAfterBackupRestoration (0ms)
Platform modules already initialized, skipping
Registering precompiled user dll's ...
Registered in 0.008664 seconds.
Begin MonoManager ReloadAssembly
Native extension for WindowsStandalone target not found
Native extension for WebGL target not found
Refreshing native plugins compatible for Editor in 0.81 ms, found 2 plugins.
Preloading 0 native plugins for Editor in 0.00 ms.
Mono: successfully reloaded assembly
- Completed reload, in  2.834 seconds
Domain Reload Profiling:
	ReloadAssembly (2841ms)
		BeginReloadAssembly (455ms)
			ExecutionOrderSort (0ms)
			DisableScriptedObjects (17ms)
			BackupInstance (0ms)
			ReleaseScriptingObjects (0ms)
			CreateAndSetChildDomain (48ms)
		EndReloadAssembly (2197ms)
			LoadAssemblies (255ms)
			RebuildTransferFunctionScriptingTraits (0ms)
			SetupTypeCache (878ms)
			ReleaseScriptCaches (1ms)
			RebuildScriptCaches (96ms)
			SetupLoadedEditorAssemblies (742ms)
				LogAssemblyErrors (0ms)
				InitializePlatformSupportModulesInManaged (13ms)
				SetLoadedEditorAssemblies (1ms)
				RefreshPlugins (1ms)
				BeforeProcessingInitializeOnLoad (125ms)
				ProcessInitializeOnLoadAttributes (570ms)
				ProcessInitializeOnLoadMethodAttributes (17ms)
				AfterProcessingInitializeOnLoad (15ms)
				EditorAssembliesLoaded (0ms)
			ExecutionOrderSort2 (0ms)
			AwakeInstancesAfterBackupRestoration (14ms)
Platform modules already initialized, skipping
========================================================================
Worker process is ready to serve import requests
Launched and connected shader compiler UnityShaderCompiler.exe after 0.12 seconds
Refreshing native plugins compatible for Editor in 0.77 ms, found 2 plugins.
Preloading 0 native plugins for Editor in 0.00 ms.
Unloading 1509 Unused Serialized files (Serialized files now loaded: 0)
System memory in use before: 70.1 MB.
System memory in use after: 70.2 MB.

Unloading 16 unused Assets to reduce memory usage. Loaded Objects now: 1946.
Total: 6.567200 ms (FindLiveObjects: 0.243000 ms CreateObjectMapping: 0.098200 ms MarkObjects: 6.091000 ms  DeleteObjects: 0.132400 ms)

AssetImportParameters requested are different than current active one (requested -> active):
  custom:framework-win-MediaFoundation: 216162199b28c13a410421893ffa2e32 -> 
  custom:video-decoder-ogg-theora: a1e56fd34408186e4bbccfd4996cb3dc -> 
  custom:container-muxer-webm: aa71ff27fc2769a1b78a27578f13a17b -> 
  custom:container-demuxer-webm: 4f35f7cbe854078d1ac9338744f61a02 -> 
  custom:container-demuxer-ogg: 62fdf1f143b41e24485cea50d1cbac27 -> 
  custom:video-encoder-webm-vp8: eb34c28f22e8b96e1ab97ce403110664 -> 
  custom:video-decoder-webm-vp8: 9c59270c3fd7afecdb556c50c9e8de78 -> 
  custom:audio-decoder-ogg-vorbis: bf7c407c2cedff20999df2af8eb42d56 -> 
  custom:audio-encoder-webm-vorbis: bf7c407c2cedff20999df2af8eb42d56 -> 
========================================================================
Received Import Request.
  path: Assets/Scenes/Prototype 2.unity
  artifactKey: Guid(f0196d95ff9244ffaa65879ba7824fd4) Importer(815301076,1909f56bfc062723c751e8b465ee728b)
Start importing Assets/Scenes/Prototype 2.unity using Guid(f0196d95ff9244ffaa65879ba7824fd4) Importer(815301076,1909f56bfc062723c751e8b465ee728b)  -> (artifact id: '7d00665ff6a125682c514eec2042679e') in 0.019360 seconds 
========================================================================
Received Prepare
Refreshing native plugins compatible for Editor in 12.01 ms, found 2 plugins.
Preloading 0 native plugins for Editor in 0.00 ms.
Unloading 9 Unused Serialized files (Serialized files now loaded: 0)
System memory in use before: 40.0 MB.
System memory in use after: 40.1 MB.

Unloading 9 unused Assets to reduce memory usage. Loaded Objects now: 1946.
Total: 5.255300 ms (FindLiveObjects: 0.258700 ms CreateObjectMapping: 0.109700 ms MarkObjects: 4.849800 ms  DeleteObjects: 0.035000 ms)

AssetImportParameters requested are different than current active one (requested -> active):
  custom:framework-win-MediaFoundation: 216162199b28c13a410421893ffa2e32 -> 
  custom:video-decoder-ogg-theora: a1e56fd34408186e4bbccfd4996cb3dc -> 
  custom:container-muxer-webm: aa71ff27fc2769a1b78a27578f13a17b -> 
  custom:container-demuxer-webm: 4f35f7cbe854078d1ac9338744f61a02 -> 
  custom:container-demuxer-ogg: 62fdf1f143b41e24485cea50d1cbac27 -> 
  custom:video-encoder-webm-vp8: eb34c28f22e8b96e1ab97ce403110664 -> 
  custom:video-decoder-webm-vp8: 9c59270c3fd7afecdb556c50c9e8de78 -> 
  custom:audio-decoder-ogg-vorbis: bf7c407c2cedff20999df2af8eb42d56 -> 
  custom:audio-encoder-webm-vorbis: bf7c407c2cedff20999df2af8eb42d56 -> 
========================================================================
Received Prepare
Registering precompiled user dll's ...
Registered in 0.007420 seconds.
Begin MonoManager ReloadAssembly
Native extension for WindowsStandalone target not found
Native extension for WebGL target not found
Refreshing native plugins compatible for Editor in 0.52 ms, found 2 plugins.
Preloading 0 native plugins for Editor in 0.00 ms.
Mono: successfully reloaded assembly
- Completed reload, in  1.765 seconds
Domain Reload Profiling:
	ReloadAssembly (1766ms)
		BeginReloadAssembly (258ms)
			ExecutionOrderSort (0ms)
			DisableScriptedObjects (9ms)
			BackupInstance (0ms)
			ReleaseScriptingObjects (0ms)
			CreateAndSetChildDomain (60ms)
		EndReloadAssembly (1361ms)
			LoadAssemblies (209ms)
			RebuildTransferFunctionScriptingTraits (0ms)
			SetupTypeCache (483ms)
			ReleaseScriptCaches (1ms)
			RebuildScriptCaches (81ms)
			SetupLoadedEditorAssemblies (482ms)
				LogAssemblyErrors (0ms)
				InitializePlatformSupportModulesInManaged (10ms)
				SetLoadedEditorAssemblies (1ms)
				RefreshPlugins (1ms)
				BeforeProcessingInitializeOnLoad (94ms)
				ProcessInitializeOnLoadAttributes (350ms)
				ProcessInitializeOnLoadMethodAttributes (14ms)
				AfterProcessingInitializeOnLoad (12ms)
				EditorAssembliesLoaded (0ms)
			ExecutionOrderSort2 (0ms)
			AwakeInstancesAfterBackupRestoration (11ms)
Platform modules already initialized, skipping
Refreshing native plugins compatible for Editor in 0.76 ms, found 2 plugins.
Preloading 0 native plugins for Editor in 0.00 ms.
Unloading 1503 Unused Serialized files (Serialized files now loaded: 0)
System memory in use before: 69.9 MB.
System memory in use after: 70.0 MB.

Unloading 11 unused Assets to reduce memory usage. Loaded Objects now: 1949.
Total: 5.372600 ms (FindLiveObjects: 0.154500 ms CreateObjectMapping: 0.075500 ms MarkObjects: 5.091300 ms  DeleteObjects: 0.049500 ms)

AssetImportParameters requested are different than current active one (requested -> active):
  custom:framework-win-MediaFoundation: 216162199b28c13a410421893ffa2e32 -> 
  custom:video-decoder-ogg-theora: a1e56fd34408186e4bbccfd4996cb3dc -> 
  custom:container-muxer-webm: aa71ff27fc2769a1b78a27578f13a17b -> 
  custom:container-demuxer-webm: 4f35f7cbe854078d1ac9338744f61a02 -> 
  custom:container-demuxer-ogg: 62fdf1f143b41e24485cea50d1cbac27 -> 
  custom:video-encoder-webm-vp8: eb34c28f22e8b96e1ab97ce403110664 -> 
  custom:video-decoder-webm-vp8: 9c59270c3fd7afecdb556c50c9e8de78 -> 
  custom:audio-decoder-ogg-vorbis: bf7c407c2cedff20999df2af8eb42d56 -> 
  custom:audio-encoder-webm-vorbis: bf7c407c2cedff20999df2af8eb42d56 -> 
========================================================================
Received Import Request.
  Time since last request: 1262.905342 seconds.
  path: Assets/Course Library/_Source_Files/FBX/Animations.fbx
  artifactKey: Guid(d55a3dafe23105e409ee70d6605cbd49) Importer(815301076,1909f56bfc062723c751e8b465ee728b)
Start importing Assets/Course Library/_Source_Files/FBX/Animations.fbx using Guid(d55a3dafe23105e409ee70d6605cbd49) Importer(815301076,1909f56bfc062723c751e8b465ee728b)  -> (artifact id: '750f8e92d6357bfc63101b6026896434') in 0.109701 seconds 
========================================================================
Received Import Request.
  Time since last request: 0.000567 seconds.
  path: Assets/Course Library/_Source_Files/FBX/Animations_Static.fbx
  artifactKey: Guid(7039333667ba45840b1411867278ee2e) Importer(815301076,1909f56bfc062723c751e8b465ee728b)
Start importing Assets/Course Library/_Source_Files/FBX/Animations_Static.fbx using Guid(7039333667ba45840b1411867278ee2e) Importer(815301076,1909f56bfc062723c751e8b465ee728b)  -> (artifact id: '737664934d847b388a6aa16d3514a3f9') in 0.019694 seconds 
========================================================================
Received Import Request.
  Time since last request: 0.001230 seconds.
  path: Assets/Course Library/_Source_Files/FBX/Fox.fbx
  artifactKey: Guid(f000ecb3e2f790d45bb3459ad897cb3e) Importer(815301076,1909f56bfc062723c751e8b465ee728b)
Start importing Assets/Course Library/_Source_Files/FBX/Fox.fbx using Guid(f000ecb3e2f790d45bb3459ad897cb3e) Importer(815301076,1909f56bfc062723c751e8b465ee728b)  -> (artifact id: 'b4f806f905d026373416aadc1f12acb8') in 0.705107 seconds 
========================================================================
Received Import Request.
  Time since last request: 0.000264 seconds.
  path: Assets/Course Library/_Source_Files/FBX/Animations_IK.fbx
  artifactKey: Guid(6e4b26fde7f77c046bed3bb532de26f1) Importer(815301076,1909f56bfc062723c751e8b465ee728b)
Start importing Assets/Course Library/_Source_Files/FBX/Animations_IK.fbx using Guid(6e4b26fde7f77c046bed3bb532de26f1) Importer(815301076,1909f56bfc062723c751e8b465ee728b)  -> (artifact id: '048fbf23f3f67ffeed5b4fb2cd80d541') in 0.041630 seconds 
========================================================================
Received Import Request.
  Time since last request: 0.000400 seconds.
  path: Assets/Course Library/_Source_Files/FBX/Deer.fbx
  artifactKey: Guid(3751d6025630be542a1062112f2bcae5) Importer(815301076,1909f56bfc062723c751e8b465ee728b)
Start importing Assets/Course Library/_Source_Files/FBX/Deer.fbx using Guid(3751d6025630be542a1062112f2bcae5) Importer(815301076,1909f56bfc062723c751e8b465ee728b)  -> (artifact id: 'a399582810afeeb3f5cb7d1247718127') in 0.252483 seconds 
========================================================================
Received Import Request.
  Time since last request: 1.591629 seconds.
  path: Assets/Course Library/_Source_Files/FBX/Items_Cookie_01.fbx
  artifactKey: Guid(d2d314c911e4af5408b077dfed69013d) Importer(815301076,1909f56bfc062723c751e8b465ee728b)
Start importing Assets/Course Library/_Source_Files/FBX/Items_Cookie_01.fbx using Guid(d2d314c911e4af5408b077dfed69013d) Importer(815301076,1909f56bfc062723c751e8b465ee728b)  -> (artifact id: 'f49dce09de688f514b1fbe1e5fb91fc4') in 0.178853 seconds 
========================================================================
Received Import Request.
  Time since last request: 0.000765 seconds.
  path: Assets/Course Library/_Source_Files/FBX/Items_EnergyCan_01.fbx
  artifactKey: Guid(6b10d5dd38b22314f932fba49fc26253) Importer(815301076,1909f56bfc062723c751e8b465ee728b)
Start importing Assets/Course Library/_Source_Files/FBX/Items_EnergyCan_01.fbx using Guid(6b10d5dd38b22314f932fba49fc26253) Importer(815301076,1909f56bfc062723c751e8b465ee728b)  -> (artifact id: '3c3965341aaa328f17d451dc7f9860f3') in 0.095485 seconds 
========================================================================
Received Import Request.
  Time since last request: 0.000403 seconds.
  path: Assets/Course Library/_Source_Files/FBX/Items_Pizza_01.fbx
  artifactKey: Guid(0169642a95e8fce49b967cc4543bcdd8) Importer(815301076,1909f56bfc062723c751e8b465ee728b)
Start importing Assets/Course Library/_Source_Files/FBX/Items_Pizza_01.fbx using Guid(0169642a95e8fce49b967cc4543bcdd8) Importer(815301076,1909f56bfc062723c751e8b465ee728b)  -> (artifact id: 'afe0d2c72ea77defa58cf0bece1f00e0') in 0.093920 seconds 
========================================================================
Received Import Request.
  Time since last request: 0.000372 seconds.
  path: Assets/Course Library/_Source_Files/FBX/Items_Sandwich_01.fbx
  artifactKey: Guid(029157f85720f7749bec0a7d852a5894) Importer(815301076,1909f56bfc062723c751e8b465ee728b)
Start importing Assets/Course Library/_Source_Files/FBX/Items_Sandwich_01.fbx using Guid(029157f85720f7749bec0a7d852a5894) Importer(815301076,1909f56bfc062723c751e8b465ee728b)  -> (artifact id: 'e6cb60227f717f920e7f235b5527ef49') in 0.105364 seconds 
========================================================================
Received Import Request.
  Time since last request: 0.088993 seconds.
  path: Assets/Course Library/_Source_Files/FBX/Items_Wine_01.fbx
  artifactKey: Guid(f9c04ce17e1bea441a2dde5505e10ed5) Importer(815301076,1909f56bfc062723c751e8b465ee728b)
Start importing Assets/Course Library/_Source_Files/FBX/Items_Wine_01.fbx using Guid(f9c04ce17e1bea441a2dde5505e10ed5) Importer(815301076,1909f56bfc062723c751e8b465ee728b)  -> (artifact id: 'd7cef95ebf954fc8af2ae23b869a1bce') in 0.132456 seconds 
========================================================================
Received Import Request.
  Time since last request: 0.000759 seconds.
  path: Assets/Course Library/_Source_Files/FBX/SA_Animal_Birds.fbx
  artifactKey: Guid(693459689483f9e4aa5a1a6e8b37269e) Importer(815301076,1909f56bfc062723c751e8b465ee728b)
Start importing Assets/Course Library/_Source_Files/FBX/SA_Animal_Birds.fbx using Guid(693459689483f9e4aa5a1a6e8b37269e) Importer(815301076,1909f56bfc062723c751e8b465ee728b)  -> (artifact id: 'a69910efc853bc6d33dac001b5cc0403') in 0.250279 seconds 
========================================================================
Received Import Request.
  Time since last request: 0.000688 seconds.
  path: Assets/Course Library/_Source_Files/FBX/SA_Animal_CowBull.fbx
  artifactKey: Guid(f18cd949d6d73cb459e428cd63e6ac27) Importer(815301076,1909f56bfc062723c751e8b465ee728b)
Start importing Assets/Course Library/_Source_Files/FBX/SA_Animal_CowBull.fbx using Guid(f18cd949d6d73cb459e428cd63e6ac27) Importer(815301076,1909f56bfc062723c751e8b465ee728b)  -> (artifact id: '6d3f9a32057af4be15d62534603aa543') in 0.141341 seconds 
========================================================================
Received Import Request.
  Time since last request: 0.000308 seconds.
  path: Assets/Course Library/_Source_Files/FBX/SA_Animal_Chick.fbx
  artifactKey: Guid(5cffd02f329556b48a122caf2426df2f) Importer(815301076,1909f56bfc062723c751e8b465ee728b)
Start importing Assets/Course Library/_Source_Files/FBX/SA_Animal_Chick.fbx using Guid(5cffd02f329556b48a122caf2426df2f) Importer(815301076,1909f56bfc062723c751e8b465ee728b)  -> (artifact id: 'd64c6bc7e9b0912e11e0209de7dfc09e') in 0.059433 seconds 
========================================================================
Received Import Request.
  Time since last request: 199.838822 seconds.
  path: Assets/Scripts
  artifactKey: Guid(2eca5038feebb344cb5b0f93bb9409aa) Importer(815301076,1909f56bfc062723c751e8b465ee728b)
Start importing Assets/Scripts using Guid(2eca5038feebb344cb5b0f93bb9409aa) Importer(815301076,1909f56bfc062723c751e8b465ee728b)  -> (artifact id: '7902453619e7901f633221e4a175c43e') in 0.015603 seconds 
========================================================================
Received Import Request.
  Time since last request: 12.158747 seconds.
  path: Assets/Scripts/SpawnManager.cs
  artifactKey: Guid(00ead15d3f09ec740893ecd4aeeaa301) Importer(815301076,1909f56bfc062723c751e8b465ee728b)
Start importing Assets/Scripts/SpawnManager.cs using Guid(00ead15d3f09ec740893ecd4aeeaa301) Importer(815301076,1909f56bfc062723c751e8b465ee728b)  -> (artifact id: '29bcea2f6bc2db484de919e9aba65acd') in 0.076373 seconds 
